#
# A fatal error has been detected by the Java Runtime Environment:
#
#  EXCEPTION_ACCESS_VIOLATION (0xc0000005) at pc=0x00000000708f3a0b, pid=5648, tid=0x00000000000013c8
#
# JRE version: OpenJDK Runtime Environment (8.0_152-b02) (build 1.8.0_152-release-1024-b02)
# Java VM: OpenJDK 64-Bit Server VM (25.152-b02 mixed mode windows-amd64 compressed oops)
# Problematic frame:
# V  [jvm.dll+0xe3a0b]
#
# Failed to write core dump. Minidumps are not enabled by default on client versions of Windows
#
# If you would like to submit a bug report, please visit:
#   http://bugreport.java.com/bugreport/crash.jsp
#

---------------  T H R E A D  ---------------

Current thread (0x0000000056424000):  JavaThread "C2 CompilerThread1" daemon [_thread_in_vm, id=5064, stack(0x0000000057d40000,0x0000000057e40000)]

siginfo: ExceptionCode=0xc0000005, reading address 0x0000000055a21bf8

Registers:
RAX=0x0000000055a21b00, RBX=0x0000000055e21cc8, RCX=0x0000000000000015, RDX=0x00000000587a7df0
RSP=0x0000000057e3bd78, RBP=0x00000000587a7d01, RSI=0x00000000587a7e00, RDI=0x0000000055e21c00
R8 =0x0000000000000008, R9 =0x0000000000000010, R10=0x0000000000000000, R11=0x00000000587a7df0
R12=0x00000000587a7e10, R13=0x00000000587a7df0, R14=0x00000000587a7e10, R15=0x000000005c0f2e50
RIP=0x00000000708f3a0b, EFLAGS=0x0000000000010202

Top of Stack: (sp=0x0000000057e3bd78)
0x0000000057e3bd78:   00000000708f3a90 0000000055e21cc8
0x0000000057e3bd88:   000000005e9d4f28 0000000057e3efe8
0x0000000057e3bd98:   0000000070cd13c3 0000000056424000
0x0000000057e3bda8:   0000000000000000 0000000055e21cc8
0x0000000057e3bdb8:   00000000708f998f 0000000015adb828
0x0000000057e3bdc8:   00000000587a7df0 00000000587a7e10
0x0000000057e3bdd8:   0000000070cd208e 0000000000000000
0x0000000057e3bde8:   0000000000000000 00000000587a7df0
0x0000000057e3bdf8:   00000000708a85ee 00000000587a7e10
0x0000000057e3be08:   00000000587a7df0 00000000587a7e10
0x0000000057e3be18:   0000000057e3c080 00000000587a7df0
0x0000000057e3be28:   00000000708a96df 00000000587a7e10
0x0000000057e3be38:   0000000015adb828 00000000587a7e10
0x0000000057e3be48:   0000000057e3c080 00000000599f0e00
0x0000000057e3be58:   000000005bd0d601 0000000056424000
0x0000000057e3be68:   0000000070cc741b 0000000057f9bad0 

Instructions: (pc=0x00000000708f3a0b)
0x00000000708f39eb:   00 00 00 00 00 47 8d 04 11 41 d1 f8 49 63 c0 48
0x00000000708f39fb:   8b 4c c3 08 48 8b 41 08 0f b7 48 22 48 8b 40 08
0x00000000708f3a0b:   48 8b 54 c8 50 49 3b d3 72 14 33 c0 49 3b d3 0f
0x00000000708f3a1b:   95 c0 85 c0 74 1a 78 06 45 8d 48 ff eb 04 45 8d 


Register to memory mapping:

RAX=0x0000000055a21b00 is an unknown value
RBX=0x0000000055e21cc8 is pointing into metadata
RCX=0x0000000000000015 is an unknown value
RDX=0x00000000587a7df0 is an unknown value
RSP=0x0000000057e3bd78 is pointing into the stack for thread: 0x0000000056424000
RBP=0x00000000587a7d01 is an unknown value
RSI=0x00000000587a7e00 is an unknown value
RDI=0x0000000055e21c00 is pointing into metadata
R8 =0x0000000000000008 is an unknown value
R9 =0x0000000000000010 is an unknown value
R10=0x0000000000000000 is an unknown value
R11=0x00000000587a7df0 is an unknown value
R12=0x00000000587a7e10 is an unknown value
R13=0x00000000587a7df0 is an unknown value
R14=0x00000000587a7e10 is an unknown value
R15=0x000000005c0f2e50 is an unknown value


Stack: [0x0000000057d40000,0x0000000057e40000],  sp=0x0000000057e3bd78,  free space=1007k
Native frames: (J=compiled Java code, j=interpreted, Vv=VM code, C=native code)
V  [jvm.dll+0xe3a0b]
V  [jvm.dll+0xe3a90]
V  [jvm.dll+0xe998f]
V  [jvm.dll+0x985ee]
V  [jvm.dll+0x996df]
V  [jvm.dll+0x9afba]
V  [jvm.dll+0xb9a4]
V  [jvm.dll+0xbedb]
V  [jvm.dll+0xc03a]
V  [jvm.dll+0x23b0d]
V  [jvm.dll+0x26440]
V  [jvm.dll+0x27be5]
V  [jvm.dll+0x28e5a]
V  [jvm.dll+0x29d5c]
V  [jvm.dll+0x2a16b]
V  [jvm.dll+0x2a28e]
V  [jvm.dll+0x13f1e]
V  [jvm.dll+0x423d6e]
V  [jvm.dll+0x424c02]
V  [jvm.dll+0x4493de]
V  [jvm.dll+0x449602]
V  [jvm.dll+0x44afa3]
V  [jvm.dll+0x4d4ded]
V  [jvm.dll+0x4cd8d7]
V  [jvm.dll+0x4cdc59]
V  [jvm.dll+0x4ce1ef]
V  [jvm.dll+0x426010]
V  [jvm.dll+0x44b026]
V  [jvm.dll+0x4d4ded]
V  [jvm.dll+0x4cd8d7]
V  [jvm.dll+0x4cdc59]
V  [jvm.dll+0x4ce1ef]
V  [jvm.dll+0x426010]
V  [jvm.dll+0x44b026]
V  [jvm.dll+0x4d4ded]
V  [jvm.dll+0x4cd8d7]
V  [jvm.dll+0x4cdc59]
V  [jvm.dll+0x4ce1ef]
V  [jvm.dll+0x426010]
V  [jvm.dll+0x44b026]
V  [jvm.dll+0x4d4ded]
V  [jvm.dll+0x4cd8d7]
V  [jvm.dll+0x4cdc59]
V  [jvm.dll+0x4ce1ef]
V  [jvm.dll+0x426010]
V  [jvm.dll+0x44b026]
V  [jvm.dll+0x4d4ded]
V  [jvm.dll+0x4cd8d7]
V  [jvm.dll+0x4cdc59]
V  [jvm.dll+0x4ce1ef]
V  [jvm.dll+0x426010]
V  [jvm.dll+0x44b026]
V  [jvm.dll+0x4d4ded]
V  [jvm.dll+0x4cd8d7]
V  [jvm.dll+0x4cdc59]
V  [jvm.dll+0x4ce1ef]
V  [jvm.dll+0x426010]
V  [jvm.dll+0x441d95]
V  [jvm.dll+0x4250b2]
V  [jvm.dll+0x814c8]
V  [jvm.dll+0x81dff]
V  [jvm.dll+0x21d2df]
V  [jvm.dll+0x26d7ea]
C  [msvcr100.dll+0x21d9f]
C  [msvcr100.dll+0x21e3b]
C  [kernel32.dll+0x159cd]
C  [ntdll.dll+0x5383d]


Current CompileTask:
C2: 331032 15893  s    4       java.lang.reflect.Field::declaredAnnotations (59 bytes)


---------------  P R O C E S S  ---------------

Java Threads: ( => current thread )
  0x000000005e751000 JavaThread "Task worker for ':' Thread 3" [_thread_blocked, id=4312, stack(0x00000000649a0000,0x0000000064aa0000)]
  0x000000005e74e000 JavaThread "Task worker for ':' Thread 2" [_thread_blocked, id=3140, stack(0x0000000063f70000,0x0000000064070000)]
  0x000000005e753800 JavaThread "Task worker for ':'" [_thread_in_native, id=5336, stack(0x0000000064bc0000,0x0000000064cc0000)]
  0x000000005e752800 JavaThread "Cache worker for Build Output Cleanup Cache (C:\Users\Ersi\Desktop\Mertagram\.gradle\buildOutputCleanup)" [_thread_blocked, id=5156, stack(0x0000000064190000,0x0000000064290000)]
  0x000000005e74f000 JavaThread "Cache worker for task history cache (C:\Users\Ersi\Desktop\Mertagram\.gradle\4.4\taskHistory)" [_thread_blocked, id=2420, stack(0x0000000063440000,0x0000000063540000)]
  0x000000005e755000 JavaThread "Cache worker for file content cache (C:\Users\Ersi\Desktop\Mertagram\.gradle\4.4\fileContent)" [_thread_blocked, id=2744, stack(0x0000000064400000,0x0000000064500000)]
  0x000000005f27b000 JavaThread "build operations Thread 4" [_thread_blocked, id=1020, stack(0x0000000061bf0000,0x0000000061cf0000)]
  0x000000005f27d000 JavaThread "build operations Thread 3" [_thread_blocked, id=5244, stack(0x0000000063300000,0x0000000063400000)]
  0x000000005f27e800 JavaThread "build operations Thread 2" [_thread_blocked, id=4780, stack(0x0000000060330000,0x0000000060430000)]
  0x000000005f27e000 JavaThread "build operations" [_thread_blocked, id=3984, stack(0x00000000604b0000,0x00000000605b0000)]
  0x000000005f281000 JavaThread "Cache worker for Artifact transforms cache (C:\Users\Ersi\.gradle\caches\transforms-1)" [_thread_blocked, id=4908, stack(0x000000005abe0000,0x000000005ace0000)]
  0x000000005f27c800 JavaThread "Cache worker for file hash cache (C:\Users\Ersi\Desktop\Mertagram\.gradle\4.4\fileHashes)" [_thread_blocked, id=5028, stack(0x000000005ede0000,0x000000005eee0000)]
  0x000000005f27b800 JavaThread "Stdin handler" [_thread_blocked, id=2096, stack(0x000000005d710000,0x000000005d810000)]
  0x000000005cb54000 JavaThread "Asynchronous log dispatcher for DefaultDaemonConnection: socket connection from /127.0.0.1:62404 to /127.0.0.1:62814" [_thread_blocked, id=1700, stack(0x000000005ea10000,0x000000005eb10000)]
  0x000000005cb53000 JavaThread "Cancel handler" [_thread_blocked, id=4504, stack(0x000000005ad20000,0x000000005ae20000)]
  0x000000005cb57800 JavaThread "Handler for socket connection from /127.0.0.1:62404 to /127.0.0.1:62814" [_thread_in_native, id=1616, stack(0x000000005a4c0000,0x000000005a5c0000)]
  0x000000005cb57000 JavaThread "RMI TCP Connection(4)-127.0.0.1" daemon [_thread_in_native, id=5984, stack(0x0000000064840000,0x0000000064940000)]
  0x000000005cb55800 JavaThread "Daemon worker Thread 2" [_thread_blocked, id=2672, stack(0x000000005c360000,0x000000005c460000)]
  0x000000005cb56000 JavaThread "Daemon Thread 2" [_thread_blocked, id=5080, stack(0x000000005a880000,0x000000005a980000)]
  0x000000005cb54800 JavaThread "RMI Reaper" [_thread_blocked, id=3952, stack(0x000000005aa50000,0x000000005ab50000)]
  0x000000005fc10000 JavaThread "RMI TCP Accept-0" daemon [_thread_in_native, id=2640, stack(0x0000000064500000,0x0000000064600000)]
  0x000000005cb52800 JavaThread "GC Daemon" daemon [_thread_blocked, id=5192, stack(0x00000000642f0000,0x00000000643f0000)]
  0x000000005cb58800 JavaThread "RMI Scheduler(0)" daemon [_thread_blocked, id=5940, stack(0x0000000064090000,0x0000000064190000)]
  0x000000005fc0f000 JavaThread "Memory manager" [_thread_blocked, id=2176, stack(0x0000000061f90000,0x0000000062090000)]
  0x000000005967d000 JavaThread "File lock request listener" [_thread_in_native, id=2684, stack(0x000000005b270000,0x000000005b370000)]
  0x0000000058ec4800 JavaThread "Cache worker for file hash cache (C:\Users\Ersi\.gradle\caches\4.4\fileHashes)" [_thread_blocked, id=5332, stack(0x000000005b160000,0x000000005b260000)]
  0x0000000058cdb800 JavaThread "Daemon periodic checks" [_thread_blocked, id=3944, stack(0x000000005a130000,0x000000005a230000)]
  0x0000000059862000 JavaThread "Incoming local TCP Connector on port 62404" [_thread_in_native, id=5128, stack(0x000000005a2c0000,0x000000005a3c0000)]
  0x0000000057eb9800 JavaThread "Service Thread" daemon [_thread_blocked, id=3904, stack(0x0000000057b90000,0x0000000057c90000)]
  0x0000000057e40800 JavaThread "C1 CompilerThread2" daemon [_thread_blocked, id=4380, stack(0x0000000058260000,0x0000000058360000)]
=>0x0000000056424000 JavaThread "C2 CompilerThread1" daemon [_thread_in_vm, id=5064, stack(0x0000000057d40000,0x0000000057e40000)]
  0x000000005641d000 JavaThread "C2 CompilerThread0" daemon [_thread_in_native, id=1524, stack(0x0000000057a70000,0x0000000057b70000)]
  0x000000005642f000 JavaThread "Attach Listener" daemon [_thread_blocked, id=4272, stack(0x00000000576e0000,0x00000000577e0000)]
  0x000000005642b000 JavaThread "Signal Dispatcher" daemon [_thread_blocked, id=5760, stack(0x0000000057920000,0x0000000057a20000)]
  0x0000000056409000 JavaThread "Finalizer" daemon [_thread_blocked, id=2436, stack(0x00000000577f0000,0x00000000578f0000)]
  0x00000000563c2000 JavaThread "Reference Handler" daemon [_thread_blocked, id=1372, stack(0x0000000057570000,0x0000000057670000)]
  0x00000000021de800 JavaThread "main" [_thread_blocked, id=4076, stack(0x0000000002510000,0x0000000002610000)]

Other Threads:
  0x00000000563ba800 VMThread [stack: 0x00000000573a0000,0x00000000574a0000] [id=2320]
  0x0000000057ebd000 WatcherThread [stack: 0x0000000058400000,0x0000000058500000] [id=2780]

VM state:not at safepoint (normal execution)

VM Mutex/Monitor currently owned by a thread: None

Heap:
 PSYoungGen      total 399872K, used 28232K [0x00000000e0000000, 0x00000000fb580000, 0x0000000100000000)
  eden space 380416K, 2% used [0x00000000e0000000,0x00000000e09f7d18,0x00000000f7380000)
  from space 19456K, 92% used [0x00000000fa280000,0x00000000fb41a660,0x00000000fb580000)
  to   space 33792K, 0% used [0x00000000f7380000,0x00000000f7380000,0x00000000f9480000)
 ParOldGen       total 131584K, used 38698K [0x00000000a0000000, 0x00000000a8080000, 0x00000000e0000000)
  object space 131584K, 29% used [0x00000000a0000000,0x00000000a25ca820,0x00000000a8080000)
 Metaspace       used 86810K, capacity 90948K, committed 91288K, reserved 1128448K
  class space    used 11310K, capacity 12104K, committed 12208K, reserved 1048576K

Card table byte_map: [0x0000000011ca0000,0x0000000011fb0000] byte_map_base: 0x00000000117a0000

Marking Bits: (ParMarkBitMap*) 0x0000000070fd4970
 Begin Bits: [0x0000000012730000, 0x0000000013f30000)
 End Bits:   [0x0000000013f30000, 0x0000000015730000)

Polling page: 0x0000000000130000

CodeCache: size=245760Kb used=41252Kb max_used=41252Kb free=204507Kb
 bounds [0x00000000028e0000, 0x0000000005160000, 0x00000000118e0000]
 total_blobs=14167 nmethods=13287 adapters=791
 compilation: enabled

Compilation events (10 events):
Event: 330.908 Thread 0x0000000057e40800 nmethod 15910 0x000000000513be50 code [0x000000000513c000, 0x000000000513c458]
Event: 330.910 Thread 0x000000005641d000 nmethod 15909 0x000000000513b9d0 code [0x000000000513bb40, 0x000000000513bc68]
Event: 330.910 Thread 0x0000000057e40800 15911       3       org.gradle.api.reflect.TypeOf::equals (33 bytes)
Event: 330.910 Thread 0x0000000057e40800 nmethod 15911 0x000000000513af90 code [0x000000000513b120, 0x000000000513b808]
Event: 330.910 Thread 0x0000000057e40800 15912       3       sun.misc.CompoundEnumeration::hasMoreElements (5 bytes)
Event: 330.911 Thread 0x0000000057e40800 nmethod 15912 0x00000000051405d0 code [0x0000000005140740, 0x00000000051408c8]
Event: 330.911 Thread 0x0000000057e40800 15913       3       com.sun.xml.internal.stream.util.ThreadLocalBufferAllocator::getBufferAllocator (51 bytes)
Event: 330.911 Thread 0x000000005641d000 15914       4       com.sun.org.apache.xerces.internal.impl.XMLDocumentScannerImpl::next (10 bytes)
Event: 330.911 Thread 0x0000000057e40800 nmethod 15913 0x000000000513f090 code [0x000000000513f2c0, 0x00000000051400f8]
Event: 330.912 Thread 0x000000005641d000 nmethod 15914 0x000000000513ed90 code [0x000000000513eee0, 0x000000000513ef88]

GC Heap History (10 events):
Event: 78.087 GC heap before
{Heap before GC invocations=15 (full 3):
 PSYoungGen      total 230912K, used 224045K [0x00000000e0000000, 0x00000000f1780000, 0x0000000100000000)
  eden space 205312K, 100% used [0x00000000e0000000,0x00000000ec880000,0x00000000ec880000)
  from space 25600K, 73% used [0x00000000ec880000,0x00000000edacb7f8,0x00000000ee180000)
  to   space 26624K, 0% used [0x00000000efd80000,0x00000000efd80000,0x00000000f1780000)
 ParOldGen       total 131584K, used 33425K [0x00000000a0000000, 0x00000000a8080000, 0x00000000e0000000)
  object space 131584K, 25% used [0x00000000a0000000,0x00000000a20a45e8,0x00000000a8080000)
 Metaspace       used 73529K, capacity 75907K, committed 76056K, reserved 1116160K
  class space    used 9681K, capacity 10243K, committed 10288K, reserved 1048576K
Event: 78.102 GC heap after
Heap after GC invocations=15 (full 3):
 PSYoungGen      total 259584K, used 16348K [0x00000000e0000000, 0x00000000f4a80000, 0x0000000100000000)
  eden space 232960K, 0% used [0x00000000e0000000,0x00000000e0000000,0x00000000ee380000)
  from space 26624K, 61% used [0x00000000efd80000,0x00000000f0d77318,0x00000000f1780000)
  to   space 26624K, 0% used [0x00000000ee380000,0x00000000ee380000,0x00000000efd80000)
 ParOldGen       total 131584K, used 33433K [0x00000000a0000000, 0x00000000a8080000, 0x00000000e0000000)
  object space 131584K, 25% used [0x00000000a0000000,0x00000000a20a65e8,0x00000000a8080000)
 Metaspace       used 73529K, capacity 75907K, committed 76056K, reserved 1116160K
  class space    used 9681K, capacity 10243K, committed 10288K, reserved 1048576K
}
Event: 81.351 GC heap before
{Heap before GC invocations=16 (full 3):
 PSYoungGen      total 259584K, used 249308K [0x00000000e0000000, 0x00000000f4a80000, 0x0000000100000000)
  eden space 232960K, 100% used [0x00000000e0000000,0x00000000ee380000,0x00000000ee380000)
  from space 26624K, 61% used [0x00000000efd80000,0x00000000f0d77318,0x00000000f1780000)
  to   space 26624K, 0% used [0x00000000ee380000,0x00000000ee380000,0x00000000efd80000)
 ParOldGen       total 131584K, used 33433K [0x00000000a0000000, 0x00000000a8080000, 0x00000000e0000000)
  object space 131584K, 25% used [0x00000000a0000000,0x00000000a20a65e8,0x00000000a8080000)
 Metaspace       used 82319K, capacity 85855K, committed 86168K, reserved 1124352K
  class space    used 10829K, capacity 11569K, committed 11696K, reserved 1048576K
Event: 81.375 GC heap after
Heap after GC invocations=16 (full 3):
 PSYoungGen      total 259584K, used 26607K [0x00000000e0000000, 0x00000000f7300000, 0x0000000100000000)
  eden space 232960K, 0% used [0x00000000e0000000,0x00000000e0000000,0x00000000ee380000)
  from space 26624K, 99% used [0x00000000ee380000,0x00000000efd7be00,0x00000000efd80000)
  to   space 32256K, 0% used [0x00000000f5380000,0x00000000f5380000,0x00000000f7300000)
 ParOldGen       total 131584K, used 38674K [0x00000000a0000000, 0x00000000a8080000, 0x00000000e0000000)
  object space 131584K, 29% used [0x00000000a0000000,0x00000000a25c4820,0x00000000a8080000)
 Metaspace       used 82319K, capacity 85855K, committed 86168K, reserved 1124352K
  class space    used 10829K, capacity 11569K, committed 11696K, reserved 1048576K
}
Event: 84.210 GC heap before
{Heap before GC invocations=17 (full 3):
 PSYoungGen      total 259584K, used 259356K [0x00000000e0000000, 0x00000000f7300000, 0x0000000100000000)
  eden space 232960K, 99% used [0x00000000e0000000,0x00000000ee34b258,0x00000000ee380000)
  from space 26624K, 99% used [0x00000000ee380000,0x00000000efd7be00,0x00000000efd80000)
  to   space 32256K, 0% used [0x00000000f5380000,0x00000000f5380000,0x00000000f7300000)
 ParOldGen       total 131584K, used 38674K [0x00000000a0000000, 0x00000000a8080000, 0x00000000e0000000)
  object space 131584K, 29% used [0x00000000a0000000,0x00000000a25c4820,0x00000000a8080000)
 Metaspace       used 84159K, capacity 87777K, committed 88088K, reserved 1126400K
  class space    used 11024K, capacity 11778K, committed 11824K, reserved 1048576K
Event: 84.231 GC heap after
Heap after GC invocations=17 (full 3):
 PSYoungGen      total 337408K, used 25665K [0x00000000e0000000, 0x00000000f7080000, 0x0000000100000000)
  eden space 307712K, 0% used [0x00000000e0000000,0x00000000e0000000,0x00000000f2c80000)
  from space 29696K, 86% used [0x00000000f5380000,0x00000000f6c90718,0x00000000f7080000)
  to   space 34816K, 0% used [0x00000000f2c80000,0x00000000f2c80000,0x00000000f4e80000)
 ParOldGen       total 131584K, used 38682K [0x00000000a0000000, 0x00000000a8080000, 0x00000000e0000000)
  object space 131584K, 29% used [0x00000000a0000000,0x00000000a25c6820,0x00000000a8080000)
 Metaspace       used 84159K, capacity 87777K, committed 88088K, reserved 1126400K
  class space    used 11024K, capacity 11778K, committed 11824K, reserved 1048576K
}
Event: 303.947 GC heap before
{Heap before GC invocations=18 (full 3):
 PSYoungGen      total 337408K, used 333034K [0x00000000e0000000, 0x00000000f7080000, 0x0000000100000000)
  eden space 307712K, 99% used [0x00000000e0000000,0x00000000f2c2a3c8,0x00000000f2c80000)
  from space 29696K, 86% used [0x00000000f5380000,0x00000000f6c90718,0x00000000f7080000)
  to   space 34816K, 0% used [0x00000000f2c80000,0x00000000f2c80000,0x00000000f4e80000)
 ParOldGen       total 131584K, used 38682K [0x00000000a0000000, 0x00000000a8080000, 0x00000000e0000000)
  object space 131584K, 29% used [0x00000000a0000000,0x00000000a25c6820,0x00000000a8080000)
 Metaspace       used 86660K, capacity 90728K, committed 91032K, reserved 1128448K
  class space    used 11306K, capacity 12100K, committed 12208K, reserved 1048576K
Event: 303.980 GC heap after
Heap after GC invocations=18 (full 3):
 PSYoungGen      total 342528K, used 22896K [0x00000000e0000000, 0x00000000fc500000, 0x0000000100000000)
  eden space 307712K, 0% used [0x00000000e0000000,0x00000000e0000000,0x00000000f2c80000)
  from space 34816K, 65% used [0x00000000f2c80000,0x00000000f42dc328,0x00000000f4e80000)
  to   space 35328K, 0% used [0x00000000fa280000,0x00000000fa280000,0x00000000fc500000)
 ParOldGen       total 131584K, used 38690K [0x00000000a0000000, 0x00000000a8080000, 0x00000000e0000000)
  object space 131584K, 29% used [0x00000000a0000000,0x00000000a25c8820,0x00000000a8080000)
 Metaspace       used 86660K, capacity 90728K, committed 91032K, reserved 1128448K
  class space    used 11306K, capacity 12100K, committed 12208K, reserved 1048576K
}
Event: 330.860 GC heap before
{Heap before GC invocations=19 (full 3):
 PSYoungGen      total 342528K, used 330608K [0x00000000e0000000, 0x00000000fc500000, 0x0000000100000000)
  eden space 307712K, 100% used [0x00000000e0000000,0x00000000f2c80000,0x00000000f2c80000)
  from space 34816K, 65% used [0x00000000f2c80000,0x00000000f42dc328,0x00000000f4e80000)
  to   space 35328K, 0% used [0x00000000fa280000,0x00000000fa280000,0x00000000fc500000)
 ParOldGen       total 131584K, used 38690K [0x00000000a0000000, 0x00000000a8080000, 0x00000000e0000000)
  object space 131584K, 29% used [0x00000000a0000000,0x00000000a25c8820,0x00000000a8080000)
 Metaspace       used 86787K, capacity 90944K, committed 91288K, reserved 1128448K
  class space    used 11310K, capacity 12104K, committed 12208K, reserved 1048576K
Event: 330.877 GC heap after
Heap after GC invocations=19 (full 3):
 PSYoungGen      total 399872K, used 18025K [0x00000000e0000000, 0x00000000fb580000, 0x0000000100000000)
  eden space 380416K, 0% used [0x00000000e0000000,0x00000000e0000000,0x00000000f7380000)
  from space 19456K, 92% used [0x00000000fa280000,0x00000000fb41a660,0x00000000fb580000)
  to   space 33792K, 0% used [0x00000000f7380000,0x00000000f7380000,0x00000000f9480000)
 ParOldGen       total 131584K, used 38698K [0x00000000a0000000, 0x00000000a8080000, 0x00000000e0000000)
  object space 131584K, 29% used [0x00000000a0000000,0x00000000a25ca820,0x00000000a8080000)
 Metaspace       used 86787K, capacity 90944K, committed 91288K, reserved 1128448K
  class space    used 11310K, capacity 12104K, committed 12208K, reserved 1048576K
}

Deoptimization events (10 events):
Event: 302.788 Thread 0x0000000059796800 Uncommon trap: reason=class_check action=maybe_recompile pc=0x00000000040533b8 method=java.io.BufferedOutputStream.write([BII)V @ 20
Event: 302.790 Thread 0x0000000059796800 Uncommon trap: reason=class_check action=maybe_recompile pc=0x00000000040533b8 method=java.io.BufferedOutputStream.write([BII)V @ 20
Event: 302.793 Thread 0x0000000059796800 Uncommon trap: reason=class_check action=maybe_recompile pc=0x00000000040533b8 method=java.io.BufferedOutputStream.write([BII)V @ 20
Event: 303.471 Thread 0x000000005cb55800 Uncommon trap: reason=predicate action=maybe_recompile pc=0x0000000004fcf674 method=java.util.TimSort.reverseRange([Ljava/lang/Object;II)V @ 8
Event: 303.528 Thread 0x000000005cb55800 Uncommon trap: reason=bimorphic action=maybe_recompile pc=0x00000000031a22a4 method=java.io.DataOutputStream.writeShort(I)V @ 12
Event: 303.544 Thread 0x000000005cb57000 Uncommon trap: reason=class_check action=maybe_recompile pc=0x0000000003c32168 method=java.lang.ThreadLocal.set(Ljava/lang/Object;)V @ 26
Event: 303.841 Thread 0x000000005cb55800 Uncommon trap: reason=predicate action=maybe_recompile pc=0x0000000004faf000 method=java.util.TimSort.reverseRange([Ljava/lang/Object;II)V @ 8
Event: 303.879 Thread 0x000000005cb55800 Uncommon trap: reason=predicate action=maybe_recompile pc=0x0000000004f7a99c method=com.google.common.collect.RegularImmutableMap.fromEntryArray(I[Ljava/util/Map$Entry;)Lcom/google/common/collect/RegularImmutableMap; @ 62
Event: 304.301 Thread 0x000000005cb56000 Uncommon trap: reason=null_check action=make_not_entrant pc=0x00000000036f46a0 method=java.lang.ThreadLocal$ThreadLocalMap.getEntryAfterMiss(Ljava/lang/ThreadLocal;ILjava/lang/ThreadLocal$ThreadLocalMap$Entry;)Ljava/lang/ThreadLocal$ThreadLocalMap$Entry; 
Event: 330.844 Thread 0x000000005cb55800 Uncommon trap: reason=class_check action=maybe_recompile pc=0x0000000003754e9c method=com.google.common.collect.AbstractMapBasedMultimap$WrappedCollection.refreshIfEmpty()V @ 40

Classes redefined (0 events):
No events

Internal exceptions (10 events):
Event: 84.948 Thread 0x0000000058e91800 Exception <a 'java/lang/NoSuchMethodError': <clinit>> (0x00000000e57512b0) thrown at [D:\src\AOSP-openjdk-cygwin\jdk8u\hotspot\src\share\vm\prims\jni.cpp, line 1613]
Event: 84.949 Thread 0x0000000058e91800 Exception <a 'java/lang/NoSuchMethodError': <clinit>> (0x00000000e575bc18) thrown at [D:\src\AOSP-openjdk-cygwin\jdk8u\hotspot\src\share\vm\prims\jni.cpp, line 1613]
Event: 84.950 Thread 0x0000000058e91800 Exception <a 'java/lang/NoSuchMethodError': <clinit>> (0x00000000e5764f30) thrown at [D:\src\AOSP-openjdk-cygwin\jdk8u\hotspot\src\share\vm\prims\jni.cpp, line 1613]
Event: 84.951 Thread 0x0000000058e91800 Exception <a 'java/lang/NoSuchMethodError': <clinit>> (0x00000000e577d820) thrown at [D:\src\AOSP-openjdk-cygwin\jdk8u\hotspot\src\share\vm\prims\jni.cpp, line 1613]
Event: 84.956 Thread 0x0000000058e91800 Exception <a 'java/lang/NoSuchMethodError': <clinit>> (0x00000000e578dab0) thrown at [D:\src\AOSP-openjdk-cygwin\jdk8u\hotspot\src\share\vm\prims\jni.cpp, line 1613]
Event: 270.342 Thread 0x000000005cb55800 Exception <a 'sun/nio/fs/WindowsException'> (0x00000000e6a4d298) thrown at [D:\src\AOSP-openjdk-cygwin\jdk8u\hotspot\src\share\vm\prims\jni.cpp, line 709]
Event: 301.787 Thread 0x000000005cb55800 Exception <a 'sun/nio/fs/WindowsException'> (0x00000000ea38c060) thrown at [D:\src\AOSP-openjdk-cygwin\jdk8u\hotspot\src\share\vm\prims\jni.cpp, line 709]
Event: 303.528 Thread 0x000000005cb53000 Exception <a 'java/lang/InterruptedException'> (0x00000000efa8a410) thrown at [D:\src\AOSP-openjdk-cygwin\jdk8u\hotspot\src\share\vm\runtime\objectMonitor.cpp, line 1684]
Event: 304.301 Thread 0x000000005cb56000 Implicit null exception at 0x00000000036f41f4 to 0x00000000036f4681
Event: 330.819 Thread 0x000000005cb55800 Exception <a 'sun/nio/fs/WindowsException'> (0x00000000f2803508) thrown at [D:\src\AOSP-openjdk-cygwin\jdk8u\hotspot\src\share\vm\prims\jni.cpp, line 709]

Events (10 events):
Event: 330.792 Executing VM operation: RevokeBias done
Event: 330.792 Executing VM operation: RevokeBias
Event: 330.792 Executing VM operation: RevokeBias done
Event: 330.844 Thread 0x000000005cb55800 Uncommon trap: trap_request=0xffffffde fr.pc=0x0000000003754e9c
Event: 330.844 Thread 0x000000005cb55800 DEOPT PACKING pc=0x0000000003754e9c sp=0x000000005c45c1c0
Event: 330.844 Thread 0x000000005cb55800 DEOPT UNPACKING pc=0x000000000292557b sp=0x000000005c45c170 mode 2
Event: 330.858 loading class com/google/common/base/Equivalence$1
Event: 330.858 loading class com/google/common/base/Equivalence$1 done
Event: 330.860 Executing VM operation: ParallelGCFailedAllocation
Event: 330.877 Executing VM operation: ParallelGCFailedAllocation done


Dynamic libraries:
0x000000013fec0000 - 0x000000013fef1000 	C:\Program Files\Android\Android Studio\jre\bin\java.exe
0x0000000077060000 - 0x00000000771ff000 	C:\Windows\SYSTEM32\ntdll.dll
0x0000000076e40000 - 0x0000000076f5f000 	C:\Windows\system32\kernel32.dll
0x000007fefce70000 - 0x000007fefceda000 	C:\Windows\system32\KERNELBASE.dll
0x000007fefd060000 - 0x000007fefd13b000 	C:\Windows\system32\ADVAPI32.dll
0x000007fefcfc0000 - 0x000007fefd05f000 	C:\Windows\system32\msvcrt.dll
0x000007fefde30000 - 0x000007fefde4f000 	C:\Windows\SYSTEM32\sechost.dll
0x000007feff180000 - 0x000007feff2ad000 	C:\Windows\system32\RPCRT4.dll
0x0000000076f60000 - 0x000000007705a000 	C:\Windows\system32\USER32.dll
0x000007feff030000 - 0x000007feff097000 	C:\Windows\system32\GDI32.dll
0x000007fefece0000 - 0x000007fefecee000 	C:\Windows\system32\LPK.dll
0x000007fefeee0000 - 0x000007fefefab000 	C:\Windows\system32\USP10.dll
0x000007fefb630000 - 0x000007fefb824000 	C:\Windows\WinSxS\amd64_microsoft.windows.common-controls_6595b64144ccf1df_6.0.7601.18837_none_fa3b1e3d17594757\COMCTL32.dll
0x000007fefd140000 - 0x000007fefd1b1000 	C:\Windows\system32\SHLWAPI.dll
0x000007fefd490000 - 0x000007fefd4be000 	C:\Windows\system32\IMM32.DLL
0x000007fefd510000 - 0x000007fefd619000 	C:\Windows\system32\MSCTF.dll
0x0000000072940000 - 0x0000000072a12000 	C:\Program Files\Android\Android Studio\jre\jre\bin\msvcr100.dll
0x0000000070810000 - 0x000000007104f000 	C:\Program Files\Android\Android Studio\jre\jre\bin\server\jvm.dll
0x000007fee9a60000 - 0x000007fee9a69000 	C:\Windows\system32\WSOCK32.dll
0x000007fefd4c0000 - 0x000007fefd50d000 	C:\Windows\system32\WS2_32.dll
0x000007fefeed0000 - 0x000007fefeed8000 	C:\Windows\system32\NSI.dll
0x000007fefaa90000 - 0x000007fefaacb000 	C:\Windows\system32\WINMM.dll
0x000007fefbcc0000 - 0x000007fefbccc000 	C:\Windows\system32\VERSION.dll
0x0000000077200000 - 0x0000000077207000 	C:\Windows\system32\PSAPI.DLL
0x000007fef9d30000 - 0x000007fef9d3f000 	C:\Program Files\Android\Android Studio\jre\jre\bin\verify.dll
0x000007fef2890000 - 0x000007fef28b9000 	C:\Program Files\Android\Android Studio\jre\jre\bin\java.dll
0x000007fef7c60000 - 0x000007fef7c76000 	C:\Program Files\Android\Android Studio\jre\jre\bin\zip.dll
0x000007fefdf50000 - 0x000007fefecdb000 	C:\Windows\system32\SHELL32.dll
0x000007fefd620000 - 0x000007fefd81d000 	C:\Windows\system32\ole32.dll
0x000007fefcc00000 - 0x000007fefcc0f000 	C:\Windows\system32\profapi.dll
0x000007fef5220000 - 0x000007fef523a000 	C:\Program Files\Android\Android Studio\jre\jre\bin\net.dll
0x000007fefc390000 - 0x000007fefc3e5000 	C:\Windows\system32\mswsock.dll
0x000007fefc380000 - 0x000007fefc387000 	C:\Windows\System32\wship6.dll
0x000007fef5200000 - 0x000007fef5211000 	C:\Program Files\Android\Android Studio\jre\jre\bin\nio.dll
0x000007fef1e70000 - 0x000007fef1e8e000 	C:\Users\Ersi\.gradle\native\25\windows-amd64\native-platform.dll
0x000007fef2ac0000 - 0x000007fef2acd000 	C:\Program Files\Android\Android Studio\jre\jre\bin\management.dll
0x000007fefc3f0000 - 0x000007fefc408000 	C:\Windows\system32\CRYPTSP.dll
0x000007fefc0f0000 - 0x000007fefc137000 	C:\Windows\system32\rsaenh.dll
0x000007fefcc90000 - 0x000007fefccae000 	C:\Windows\system32\USERENV.dll
0x000007fefca60000 - 0x000007fefca6f000 	C:\Windows\system32\CRYPTBASE.dll
0x000007fefa740000 - 0x000007fefa767000 	C:\Windows\system32\IPHLPAPI.DLL
0x000007fefa6f0000 - 0x000007fefa6fb000 	C:\Windows\system32\WINNSI.DLL
0x000007fefa580000 - 0x000007fefa591000 	C:\Windows\system32\dhcpcsvc6.DLL
0x000007fefa480000 - 0x000007fefa498000 	C:\Windows\system32\dhcpcsvc.DLL
0x000007fefca00000 - 0x000007fefca57000 	C:\Windows\system32\apphelp.dll
0x000007fef2830000 - 0x000007fef284e000 	C:\Users\Ersi\AppData\Local\Temp\native-platform4141190769498067155dir\native-platform.dll
0x000007fef0630000 - 0x000007fef0755000 	C:\Windows\system32\dbghelp.dll

VM Arguments:
jvm_args: -Xmx1536m -Dfile.encoding=windows-1254 -Duser.country=TR -Duser.language=tr -Duser.variant 
java_command: org.gradle.launcher.daemon.bootstrap.GradleDaemon 4.4
java_class_path (initial): C:\Users\Ersi\.gradle\wrapper\dists\gradle-4.4-all\9br9xq1tocpiv8o6njlyu5op1\gradle-4.4\lib\gradle-launcher-4.4.jar
Launcher Type: SUN_STANDARD

Environment Variables:
PATH=C:\Program Files (x86)\Common Files\Oracle\Java\javapath;C:\Program Files (x86)\NVIDIA Corporation\PhysX\Common;C:\Windows\system32;C:\Windows;C:\Windows\System32\Wbem;C:\Windows\System32\WindowsPowerShell\v1.0\;C:\Program Files\Git\cmd;C:\Users\Ersi\AppData\Local\GitHubDesktop\bin
USERNAME=Ersi
OS=Windows_NT
PROCESSOR_IDENTIFIER=Intel64 Family 6 Model 58 Stepping 9, GenuineIntel



---------------  S Y S T E M  ---------------

OS: Windows 7 , 64 bit Build 7601 (6.1.7601.24214)

CPU:total 4 (initial active 4) (4 cores per cpu, 1 threads per core) family 6 model 58 stepping 9, cmov, cx8, fxsr, mmx, sse, sse2, sse3, ssse3, sse4.1, sse4.2, popcnt, avx, aes, clmul, erms, tsc, tscinvbit, tscinv

Memory: 4k page, physical 6244632k(402032k free), swap 12487364k(2360220k free)

vm_info: OpenJDK 64-Bit Server VM (25.152-b02) for windows-amd64 JRE (1.8.0_152-release-1024-b02), built by "builder" with MS VC++ 10.0 (VS2010)

time: Tue Aug 21 00:09:01 2018
elapsed time: 330 seconds (0d 0h 5m 30s)

